0 info it worked if it ends with ok
1 verbose cli [ 'C:\\Program Files (x86)\\nodejs\\node.exe',
1 verbose cli   'C:\\Program Files (x86)\\nodejs\\node_modules\\npm\\bin\\npm-cli.js',
1 verbose cli   'install',
1 verbose cli   'pty' ]
2 info using npm@3.10.10
3 info using node@v6.11.0
4 silly loadCurrentTree Starting
5 silly install loadCurrentTree
6 silly install readLocalPackageData
7 silly fetchPackageMetaData pty
8 silly fetchNamedPackageData pty
9 silly mapToRegistry name pty
10 silly mapToRegistry using default registry
11 silly mapToRegistry registry https://registry.npmjs.org/
12 silly mapToRegistry data Result {
12 silly mapToRegistry   raw: 'pty',
12 silly mapToRegistry   scope: null,
12 silly mapToRegistry   escapedName: 'pty',
12 silly mapToRegistry   name: 'pty',
12 silly mapToRegistry   rawSpec: '',
12 silly mapToRegistry   spec: 'latest',
12 silly mapToRegistry   type: 'tag' }
13 silly mapToRegistry uri https://registry.npmjs.org/pty
14 verbose request uri https://registry.npmjs.org/pty
15 verbose request no auth needed
16 info attempt registry request try #1 at 13:34:38
17 verbose request id 0bb1d6b33273a3fa
18 http request GET https://registry.npmjs.org/pty
19 http 200 https://registry.npmjs.org/pty
20 verbose headers { server: 'nginx/1.10.1',
20 verbose headers   'content-type': 'application/json',
20 verbose headers   'last-modified': 'Fri, 09 May 2014 12:45:13 GMT',
20 verbose headers   etag: 'W/"536ccdd9-5c2"',
20 verbose headers   'content-encoding': 'gzip',
20 verbose headers   'cache-control': 'max-age=300',
20 verbose headers   'content-length': '578',
20 verbose headers   'accept-ranges': 'bytes',
20 verbose headers   date: 'Wed, 23 Aug 2017 11:34:38 GMT',
20 verbose headers   via: '1.1 varnish',
20 verbose headers   age: '0',
20 verbose headers   connection: 'keep-alive',
20 verbose headers   'x-served-by': 'cache-fra1250-FRA',
20 verbose headers   'x-cache': 'MISS',
20 verbose headers   'x-cache-hits': '0',
20 verbose headers   'x-timer': 'S1503488078.280028,VS0,VE103',
20 verbose headers   vary: 'Accept-Encoding, Accept' }
21 silly get cb [ 200,
21 silly get   { server: 'nginx/1.10.1',
21 silly get     'content-type': 'application/json',
21 silly get     'last-modified': 'Fri, 09 May 2014 12:45:13 GMT',
21 silly get     etag: 'W/"536ccdd9-5c2"',
21 silly get     'content-encoding': 'gzip',
21 silly get     'cache-control': 'max-age=300',
21 silly get     'content-length': '578',
21 silly get     'accept-ranges': 'bytes',
21 silly get     date: 'Wed, 23 Aug 2017 11:34:38 GMT',
21 silly get     via: '1.1 varnish',
21 silly get     age: '0',
21 silly get     connection: 'keep-alive',
21 silly get     'x-served-by': 'cache-fra1250-FRA',
21 silly get     'x-cache': 'MISS',
21 silly get     'x-cache-hits': '0',
21 silly get     'x-timer': 'S1503488078.280028,VS0,VE103',
21 silly get     vary: 'Accept-Encoding, Accept' } ]
22 verbose get saving pty to C:\Users\sairam.vankamamidi\AppData\Roaming\npm-cache\registry.npmjs.org\pty\.cache.json
23 verbose correctMkdir C:\Users\sairam.vankamamidi\AppData\Roaming\npm-cache correctMkdir not in flight; initializing
24 silly install normalizeTree
25 silly loadCurrentTree Finishing
26 silly loadIdealTree Starting
27 silly install loadIdealTree
28 silly cloneCurrentTree Starting
29 silly install cloneCurrentTreeToIdealTree
30 silly cloneCurrentTree Finishing
31 silly loadShrinkwrap Starting
32 silly install loadShrinkwrap
33 silly loadShrinkwrap Finishing
34 silly loadAllDepsIntoIdealTree Starting
35 silly install loadAllDepsIntoIdealTree
36 silly resolveWithNewModule pty@0.0.0 checking installable status
37 silly cache add args [ 'pty', null ]
38 verbose cache add spec pty
39 silly cache add parsed spec Result {
39 silly cache add   raw: 'pty',
39 silly cache add   scope: null,
39 silly cache add   escapedName: 'pty',
39 silly cache add   name: 'pty',
39 silly cache add   rawSpec: '',
39 silly cache add   spec: 'latest',
39 silly cache add   type: 'tag' }
40 silly addNamed pty@latest
41 verbose addNamed "latest" is being treated as a dist-tag for pty
42 info addNameTag [ 'pty', 'latest' ]
43 silly mapToRegistry name pty
44 silly mapToRegistry using default registry
45 silly mapToRegistry registry https://registry.npmjs.org/
46 silly mapToRegistry data Result {
46 silly mapToRegistry   raw: 'pty',
46 silly mapToRegistry   scope: null,
46 silly mapToRegistry   escapedName: 'pty',
46 silly mapToRegistry   name: 'pty',
46 silly mapToRegistry   rawSpec: '',
46 silly mapToRegistry   spec: 'latest',
46 silly mapToRegistry   type: 'tag' }
47 silly mapToRegistry uri https://registry.npmjs.org/pty
48 verbose addNameTag registry:https://registry.npmjs.org/pty not in flight; fetching
49 verbose get https://registry.npmjs.org/pty not expired, no request
50 silly addNameTag next cb for pty with tag latest
51 silly addNamed pty@0.0.0
52 verbose addNamed "0.0.0" is a plain semver version for pty
53 silly mapToRegistry name pty
54 silly mapToRegistry using default registry
55 silly mapToRegistry registry https://registry.npmjs.org/
56 silly mapToRegistry data Result {
56 silly mapToRegistry   raw: 'pty',
56 silly mapToRegistry   scope: null,
56 silly mapToRegistry   escapedName: 'pty',
56 silly mapToRegistry   name: 'pty',
56 silly mapToRegistry   rawSpec: '',
56 silly mapToRegistry   spec: 'latest',
56 silly mapToRegistry   type: 'tag' }
57 silly mapToRegistry uri https://registry.npmjs.org/pty
58 verbose addRemoteTarball https://registry.npmjs.org/pty/-/pty-0.0.0.tgz not in flight; adding
59 verbose addRemoteTarball [ 'https://registry.npmjs.org/pty/-/pty-0.0.0.tgz',
59 verbose addRemoteTarball   '3dfe0e3448b6c8280fd66641240b431f39ad4d92' ]
60 info retry fetch attempt 1 at 13:34:39
61 info attempt registry request try #1 at 13:34:39
62 http fetch GET https://registry.npmjs.org/pty/-/pty-0.0.0.tgz
63 http fetch 200 https://registry.npmjs.org/pty/-/pty-0.0.0.tgz
64 silly fetchAndShaCheck shasum 3dfe0e3448b6c8280fd66641240b431f39ad4d92
65 verbose addTmpTarball C:\Users\SAIRAM~1.VAN\AppData\Local\Temp\npm-13852-b64d38ef\registry.npmjs.org\pty\-\pty-0.0.0.tgz not in flight; adding
66 verbose addTmpTarball already have metadata; skipping unpack for pty@0.0.0
67 verbose correctMkdir C:\Users\sairam.vankamamidi\AppData\Roaming\npm-cache correctMkdir not in flight; initializing
68 silly cache afterAdd pty@0.0.0
69 verbose afterAdd C:\Users\sairam.vankamamidi\AppData\Roaming\npm-cache\pty\0.0.0\package\package.json not in flight; writing
70 verbose correctMkdir C:\Users\sairam.vankamamidi\AppData\Roaming\npm-cache correctMkdir not in flight; initializing
71 verbose afterAdd C:\Users\sairam.vankamamidi\AppData\Roaming\npm-cache\pty\0.0.0\package\package.json written
72 silly fetchNamedPackageData pty.js
73 silly mapToRegistry name pty.js
74 silly mapToRegistry using default registry
75 silly mapToRegistry registry https://registry.npmjs.org/
76 silly mapToRegistry data Result {
76 silly mapToRegistry   raw: 'pty.js',
76 silly mapToRegistry   scope: null,
76 silly mapToRegistry   escapedName: 'pty.js',
76 silly mapToRegistry   name: 'pty.js',
76 silly mapToRegistry   rawSpec: '',
76 silly mapToRegistry   spec: 'latest',
76 silly mapToRegistry   type: 'tag' }
77 silly mapToRegistry uri https://registry.npmjs.org/pty.js
78 verbose request uri https://registry.npmjs.org/pty.js
79 verbose request no auth needed
80 info attempt registry request try #1 at 13:34:39
81 verbose etag W/"597428be-8008"
82 verbose lastModified Sun, 23 Jul 2017 04:40:30 GMT
83 http request GET https://registry.npmjs.org/pty.js
84 http 304 https://registry.npmjs.org/pty.js
85 verbose headers { date: 'Wed, 23 Aug 2017 11:34:39 GMT',
85 verbose headers   via: '1.1 varnish',
85 verbose headers   'cache-control': 'max-age=300',
85 verbose headers   etag: 'W/"597428be-8008"',
85 verbose headers   age: '0',
85 verbose headers   connection: 'keep-alive',
85 verbose headers   'x-served-by': 'cache-fra1250-FRA',
85 verbose headers   'x-cache': 'MISS',
85 verbose headers   'x-cache-hits': '0',
85 verbose headers   'x-timer': 'S1503488079.020322,VS0,VE148',
85 verbose headers   vary: 'Accept-Encoding, Accept' }
86 silly get cb [ 304,
86 silly get   { date: 'Wed, 23 Aug 2017 11:34:39 GMT',
86 silly get     via: '1.1 varnish',
86 silly get     'cache-control': 'max-age=300',
86 silly get     etag: 'W/"597428be-8008"',
86 silly get     age: '0',
86 silly get     connection: 'keep-alive',
86 silly get     'x-served-by': 'cache-fra1250-FRA',
86 silly get     'x-cache': 'MISS',
86 silly get     'x-cache-hits': '0',
86 silly get     'x-timer': 'S1503488079.020322,VS0,VE148',
86 silly get     vary: 'Accept-Encoding, Accept' } ]
87 verbose etag https://registry.npmjs.org/pty.js from cache
88 verbose get saving pty.js to C:\Users\sairam.vankamamidi\AppData\Roaming\npm-cache\registry.npmjs.org\pty.js\.cache.json
89 verbose correctMkdir C:\Users\sairam.vankamamidi\AppData\Roaming\npm-cache correctMkdir not in flight; initializing
90 silly resolveWithNewModule pty.js@0.3.1 checking installable status
91 silly cache add args [ 'pty.js@*', null ]
92 verbose cache add spec pty.js@*
93 silly cache add parsed spec Result {
93 silly cache add   raw: 'pty.js@*',
93 silly cache add   scope: null,
93 silly cache add   escapedName: 'pty.js',
93 silly cache add   name: 'pty.js',
93 silly cache add   rawSpec: '*',
93 silly cache add   spec: '*',
93 silly cache add   type: 'range' }
94 silly addNamed pty.js@*
95 verbose addNamed "*" is a valid semver range for pty.js
96 silly addNameRange { name: 'pty.js', range: '*', hasData: false }
97 silly mapToRegistry name pty.js
98 silly mapToRegistry using default registry
99 silly mapToRegistry registry https://registry.npmjs.org/
100 silly mapToRegistry data Result {
100 silly mapToRegistry   raw: 'pty.js',
100 silly mapToRegistry   scope: null,
100 silly mapToRegistry   escapedName: 'pty.js',
100 silly mapToRegistry   name: 'pty.js',
100 silly mapToRegistry   rawSpec: '',
100 silly mapToRegistry   spec: 'latest',
100 silly mapToRegistry   type: 'tag' }
101 silly mapToRegistry uri https://registry.npmjs.org/pty.js
102 verbose addNameRange registry:https://registry.npmjs.org/pty.js not in flight; fetching
103 verbose get https://registry.npmjs.org/pty.js not expired, no request
104 silly addNameRange number 2 { name: 'pty.js', range: '*', hasData: true }
105 silly addNameRange versions [ 'pty.js',
105 silly addNameRange   [ '0.0.1',
105 silly addNameRange     '0.0.2',
105 silly addNameRange     '0.0.3',
105 silly addNameRange     '0.0.4',
105 silly addNameRange     '0.0.5',
105 silly addNameRange     '0.0.6',
105 silly addNameRange     '0.0.6-1',
105 silly addNameRange     '0.0.7',
105 silly addNameRange     '0.0.8',
105 silly addNameRange     '0.0.9',
105 silly addNameRange     '0.1.0',
105 silly addNameRange     '0.1.1',
105 silly addNameRange     '0.1.2',
105 silly addNameRange     '0.1.3',
105 silly addNameRange     '0.2.0',
105 silly addNameRange     '0.2.1',
105 silly addNameRange     '0.2.2',
105 silly addNameRange     '0.2.3',
105 silly addNameRange     '0.2.4',
105 silly addNameRange     '0.2.5',
105 silly addNameRange     '0.2.6',
105 silly addNameRange     '0.2.7-1',
105 silly addNameRange     '0.2.8',
105 silly addNameRange     '0.2.9',
105 silly addNameRange     '0.2.10',
105 silly addNameRange     '0.2.11',
105 silly addNameRange     '0.2.12',
105 silly addNameRange     '0.2.13',
105 silly addNameRange     '0.3.0',
105 silly addNameRange     '0.3.1' ] ]
106 silly addNamed pty.js@0.3.1
107 verbose addNamed "0.3.1" is a plain semver version for pty.js
108 silly mapToRegistry name pty.js
109 silly mapToRegistry using default registry
110 silly mapToRegistry registry https://registry.npmjs.org/
111 silly mapToRegistry data Result {
111 silly mapToRegistry   raw: 'pty.js',
111 silly mapToRegistry   scope: null,
111 silly mapToRegistry   escapedName: 'pty.js',
111 silly mapToRegistry   name: 'pty.js',
111 silly mapToRegistry   rawSpec: '',
111 silly mapToRegistry   spec: 'latest',
111 silly mapToRegistry   type: 'tag' }
112 silly mapToRegistry uri https://registry.npmjs.org/pty.js
113 verbose addRemoteTarball https://registry.npmjs.org/pty.js/-/pty.js-0.3.1.tgz not in flight; adding
114 verbose addRemoteTarball [ 'https://registry.npmjs.org/pty.js/-/pty.js-0.3.1.tgz',
114 verbose addRemoteTarball   '81f5bed332d6e5e7ab685688d1ba0373410d51b5' ]
115 info retry fetch attempt 1 at 13:34:39
116 info attempt registry request try #1 at 13:34:39
117 http fetch GET https://registry.npmjs.org/pty.js/-/pty.js-0.3.1.tgz
118 http fetch 200 https://registry.npmjs.org/pty.js/-/pty.js-0.3.1.tgz
119 silly fetchAndShaCheck shasum 81f5bed332d6e5e7ab685688d1ba0373410d51b5
120 verbose addTmpTarball C:\Users\SAIRAM~1.VAN\AppData\Local\Temp\npm-13852-b64d38ef\registry.npmjs.org\pty.js\-\pty.js-0.3.1.tgz not in flight; adding
121 verbose addTmpTarball already have metadata; skipping unpack for pty.js@0.3.1
122 verbose correctMkdir C:\Users\sairam.vankamamidi\AppData\Roaming\npm-cache correctMkdir not in flight; initializing
123 silly cache afterAdd pty.js@0.3.1
124 verbose afterAdd C:\Users\sairam.vankamamidi\AppData\Roaming\npm-cache\pty.js\0.3.1\package\package.json not in flight; writing
125 verbose correctMkdir C:\Users\sairam.vankamamidi\AppData\Roaming\npm-cache correctMkdir not in flight; initializing
126 verbose afterAdd C:\Users\sairam.vankamamidi\AppData\Roaming\npm-cache\pty.js\0.3.1\package\package.json written
127 silly fetchNamedPackageData extend
128 silly mapToRegistry name extend
129 silly mapToRegistry using default registry
130 silly mapToRegistry registry https://registry.npmjs.org/
131 silly mapToRegistry data Result {
131 silly mapToRegistry   raw: 'extend',
131 silly mapToRegistry   scope: null,
131 silly mapToRegistry   escapedName: 'extend',
131 silly mapToRegistry   name: 'extend',
131 silly mapToRegistry   rawSpec: '',
131 silly mapToRegistry   spec: 'latest',
131 silly mapToRegistry   type: 'tag' }
132 silly mapToRegistry uri https://registry.npmjs.org/extend
133 silly fetchNamedPackageData nan
134 silly mapToRegistry name nan
135 silly mapToRegistry using default registry
136 silly mapToRegistry registry https://registry.npmjs.org/
137 silly mapToRegistry data Result {
137 silly mapToRegistry   raw: 'nan',
137 silly mapToRegistry   scope: null,
137 silly mapToRegistry   escapedName: 'nan',
137 silly mapToRegistry   name: 'nan',
137 silly mapToRegistry   rawSpec: '',
137 silly mapToRegistry   spec: 'latest',
137 silly mapToRegistry   type: 'tag' }
138 silly mapToRegistry uri https://registry.npmjs.org/nan
139 verbose request uri https://registry.npmjs.org/extend
140 verbose request no auth needed
141 info attempt registry request try #1 at 13:34:39
142 verbose etag W/"599afc42-41f1"
143 verbose lastModified Mon, 21 Aug 2017 15:29:06 GMT
144 http request GET https://registry.npmjs.org/extend
145 verbose request uri https://registry.npmjs.org/nan
146 verbose request no auth needed
147 info attempt registry request try #1 at 13:34:39
148 verbose etag W/"597a1ce5-1fa1a"
149 verbose lastModified Thu, 27 Jul 2017 17:03:33 GMT
150 http request GET https://registry.npmjs.org/nan
151 http 304 https://registry.npmjs.org/extend
152 verbose headers { date: 'Wed, 23 Aug 2017 11:34:39 GMT',
152 verbose headers   via: '1.1 varnish',
152 verbose headers   'cache-control': 'max-age=300',
152 verbose headers   etag: 'W/"599afc42-41f1"',
152 verbose headers   age: '83',
152 verbose headers   connection: 'keep-alive',
152 verbose headers   'x-served-by': 'cache-fra1250-FRA',
152 verbose headers   'x-cache': 'HIT',
152 verbose headers   'x-cache-hits': '2',
152 verbose headers   'x-timer': 'S1503488079.309497,VS0,VE0',
152 verbose headers   vary: 'Accept-Encoding, Accept' }
153 silly get cb [ 304,
153 silly get   { date: 'Wed, 23 Aug 2017 11:34:39 GMT',
153 silly get     via: '1.1 varnish',
153 silly get     'cache-control': 'max-age=300',
153 silly get     etag: 'W/"599afc42-41f1"',
153 silly get     age: '83',
153 silly get     connection: 'keep-alive',
153 silly get     'x-served-by': 'cache-fra1250-FRA',
153 silly get     'x-cache': 'HIT',
153 silly get     'x-cache-hits': '2',
153 silly get     'x-timer': 'S1503488079.309497,VS0,VE0',
153 silly get     vary: 'Accept-Encoding, Accept' } ]
154 verbose etag https://registry.npmjs.org/extend from cache
155 verbose get saving extend to C:\Users\sairam.vankamamidi\AppData\Roaming\npm-cache\registry.npmjs.org\extend\.cache.json
156 verbose correctMkdir C:\Users\sairam.vankamamidi\AppData\Roaming\npm-cache correctMkdir not in flight; initializing
157 silly resolveWithNewModule extend@1.2.1 checking installable status
158 silly cache add args [ 'extend@~1.2.1', null ]
159 verbose cache add spec extend@~1.2.1
160 silly cache add parsed spec Result {
160 silly cache add   raw: 'extend@~1.2.1',
160 silly cache add   scope: null,
160 silly cache add   escapedName: 'extend',
160 silly cache add   name: 'extend',
160 silly cache add   rawSpec: '~1.2.1',
160 silly cache add   spec: '>=1.2.1 <1.3.0',
160 silly cache add   type: 'range' }
161 silly addNamed extend@>=1.2.1 <1.3.0
162 verbose addNamed ">=1.2.1 <1.3.0" is a valid semver range for extend
163 silly addNameRange { name: 'extend', range: '>=1.2.1 <1.3.0', hasData: false }
164 silly mapToRegistry name extend
165 silly mapToRegistry using default registry
166 silly mapToRegistry registry https://registry.npmjs.org/
167 silly mapToRegistry data Result {
167 silly mapToRegistry   raw: 'extend',
167 silly mapToRegistry   scope: null,
167 silly mapToRegistry   escapedName: 'extend',
167 silly mapToRegistry   name: 'extend',
167 silly mapToRegistry   rawSpec: '',
167 silly mapToRegistry   spec: 'latest',
167 silly mapToRegistry   type: 'tag' }
168 silly mapToRegistry uri https://registry.npmjs.org/extend
169 verbose addNameRange registry:https://registry.npmjs.org/extend not in flight; fetching
170 verbose get https://registry.npmjs.org/extend not expired, no request
171 silly addNameRange number 2 { name: 'extend', range: '>=1.2.1 <1.3.0', hasData: true }
172 silly addNameRange versions [ 'extend',
172 silly addNameRange   [ '1.0.0',
172 silly addNameRange     '1.1.0',
172 silly addNameRange     '1.1.1',
172 silly addNameRange     '1.1.3',
172 silly addNameRange     '1.2.0',
172 silly addNameRange     '1.2.1',
172 silly addNameRange     '1.3.0',
172 silly addNameRange     '2.0.0',
172 silly addNameRange     '2.0.1',
172 silly addNameRange     '3.0.0',
172 silly addNameRange     '3.0.1' ] ]
173 silly addNamed extend@1.2.1
174 verbose addNamed "1.2.1" is a plain semver version for extend
175 silly cache afterAdd extend@1.2.1
176 verbose afterAdd C:\Users\sairam.vankamamidi\AppData\Roaming\npm-cache\extend\1.2.1\package\package.json not in flight; writing
177 verbose correctMkdir C:\Users\sairam.vankamamidi\AppData\Roaming\npm-cache correctMkdir not in flight; initializing
178 verbose afterAdd C:\Users\sairam.vankamamidi\AppData\Roaming\npm-cache\extend\1.2.1\package\package.json written
179 http 304 https://registry.npmjs.org/nan
180 verbose headers { date: 'Wed, 23 Aug 2017 11:34:39 GMT',
180 verbose headers   via: '1.1 varnish',
180 verbose headers   'cache-control': 'max-age=300',
180 verbose headers   etag: 'W/"597a1ce5-1fa1a"',
180 verbose headers   age: '56',
180 verbose headers   connection: 'keep-alive',
180 verbose headers   'x-served-by': 'cache-fra1228-FRA',
180 verbose headers   'x-cache': 'HIT',
180 verbose headers   'x-cache-hits': '1',
180 verbose headers   'x-timer': 'S1503488079.375529,VS0,VE0',
180 verbose headers   vary: 'Accept-Encoding, Accept' }
181 silly get cb [ 304,
181 silly get   { date: 'Wed, 23 Aug 2017 11:34:39 GMT',
181 silly get     via: '1.1 varnish',
181 silly get     'cache-control': 'max-age=300',
181 silly get     etag: 'W/"597a1ce5-1fa1a"',
181 silly get     age: '56',
181 silly get     connection: 'keep-alive',
181 silly get     'x-served-by': 'cache-fra1228-FRA',
181 silly get     'x-cache': 'HIT',
181 silly get     'x-cache-hits': '1',
181 silly get     'x-timer': 'S1503488079.375529,VS0,VE0',
181 silly get     vary: 'Accept-Encoding, Accept' } ]
182 verbose etag https://registry.npmjs.org/nan from cache
183 verbose get saving nan to C:\Users\sairam.vankamamidi\AppData\Roaming\npm-cache\registry.npmjs.org\nan\.cache.json
184 verbose correctMkdir C:\Users\sairam.vankamamidi\AppData\Roaming\npm-cache correctMkdir not in flight; initializing
185 silly resolveWithNewModule nan@2.3.5 checking installable status
186 silly cache add args [ 'nan@2.3.5', null ]
187 verbose cache add spec nan@2.3.5
188 silly cache add parsed spec Result {
188 silly cache add   raw: 'nan@2.3.5',
188 silly cache add   scope: null,
188 silly cache add   escapedName: 'nan',
188 silly cache add   name: 'nan',
188 silly cache add   rawSpec: '2.3.5',
188 silly cache add   spec: '2.3.5',
188 silly cache add   type: 'version' }
189 silly addNamed nan@2.3.5
190 verbose addNamed "2.3.5" is a plain semver version for nan
191 silly mapToRegistry name nan
192 silly mapToRegistry using default registry
193 silly mapToRegistry registry https://registry.npmjs.org/
194 silly mapToRegistry data Result {
194 silly mapToRegistry   raw: 'nan',
194 silly mapToRegistry   scope: null,
194 silly mapToRegistry   escapedName: 'nan',
194 silly mapToRegistry   name: 'nan',
194 silly mapToRegistry   rawSpec: '',
194 silly mapToRegistry   spec: 'latest',
194 silly mapToRegistry   type: 'tag' }
195 silly mapToRegistry uri https://registry.npmjs.org/nan
196 verbose addNameVersion registry:https://registry.npmjs.org/nan not in flight; fetching
197 verbose get https://registry.npmjs.org/nan not expired, no request
198 silly cache afterAdd nan@2.3.5
199 verbose afterAdd C:\Users\sairam.vankamamidi\AppData\Roaming\npm-cache\nan\2.3.5\package\package.json not in flight; writing
200 verbose correctMkdir C:\Users\sairam.vankamamidi\AppData\Roaming\npm-cache correctMkdir not in flight; initializing
201 verbose afterAdd C:\Users\sairam.vankamamidi\AppData\Roaming\npm-cache\nan\2.3.5\package\package.json written
202 silly loadAllDepsIntoIdealTree Finishing
203 silly loadIdealTree Finishing
204 silly currentTree web-app@0.0.0
204 silly currentTree +-- accepts@1.3.3
204 silly currentTree +-- after@0.8.2
204 silly currentTree +-- append-field@0.1.0
204 silly currentTree +-- arraybuffer.slice@0.0.6
204 silly currentTree +-- backo2@1.0.2
204 silly currentTree +-- balanced-match@1.0.0
204 silly currentTree +-- base64-arraybuffer@0.1.5
204 silly currentTree +-- base64id@1.0.0
204 silly currentTree +-- better-assert@1.0.2
204 silly currentTree +-- blob@0.0.4
204 silly currentTree +-- body-parser@1.17.2
204 silly currentTree | +-- bytes@2.4.0
204 silly currentTree | +-- content-type@1.0.2
204 silly currentTree | +-- debug@2.6.7
204 silly currentTree | | `-- ms@2.0.0
204 silly currentTree | +-- depd@1.1.0
204 silly currentTree | +-- http-errors@1.6.1
204 silly currentTree | | +-- inherits@2.0.3
204 silly currentTree | | +-- setprototypeof@1.0.3
204 silly currentTree | | `-- statuses@1.3.1
204 silly currentTree | +-- iconv-lite@0.4.15
204 silly currentTree | +-- on-finished@2.3.0
204 silly currentTree | | `-- ee-first@1.1.1
204 silly currentTree | +-- qs@6.4.0
204 silly currentTree | +-- raw-body@2.2.0
204 silly currentTree | | `-- unpipe@1.0.0
204 silly currentTree | `-- type-is@1.6.15
204 silly currentTree |   +-- media-typer@0.3.0
204 silly currentTree |   `-- mime-types@2.1.15
204 silly currentTree |     `-- mime-db@1.27.0
204 silly currentTree +-- bootstrap@3.3.7
204 silly currentTree +-- brace-expansion@1.1.8
204 silly currentTree +-- busboy@0.2.14
204 silly currentTree +-- callsite@1.0.0
204 silly currentTree +-- component-bind@1.0.0
204 silly currentTree +-- component-emitter@1.2.1
204 silly currentTree +-- component-inherit@0.0.3
204 silly currentTree +-- concat-map@0.0.1
204 silly currentTree +-- concat-stream@1.6.0
204 silly currentTree | +-- isarray@1.0.0
204 silly currentTree | +-- readable-stream@2.3.3
204 silly currentTree | `-- string_decoder@1.0.3
204 silly currentTree +-- connect@3.6.3
204 silly currentTree +-- cookie-parser@1.4.3
204 silly currentTree | +-- cookie-signature@1.0.6
204 silly currentTree | `-- cookie@0.3.1
204 silly currentTree +-- cookie@0.3.1
204 silly currentTree +-- core-util-is@1.0.2
204 silly currentTree +-- debug@2.6.8
204 silly currentTree +-- dicer@0.2.5
204 silly currentTree +-- ee-first@1.1.1
204 silly currentTree +-- encodeurl@1.0.1
204 silly currentTree +-- engine.io-client@3.1.1
204 silly currentTree +-- engine.io-parser@2.1.1
204 silly currentTree +-- engine.io@3.1.0
204 silly currentTree +-- escape-html@1.0.3
204 silly currentTree +-- express@4.15.3
204 silly currentTree | +-- accepts@1.3.3
204 silly currentTree | | +-- mime-types@2.1.15
204 silly currentTree | | | `-- mime-db@1.27.0
204 silly currentTree | | `-- negotiator@0.6.1
204 silly currentTree | +-- array-flatten@1.1.1
204 silly currentTree | +-- content-disposition@0.5.2
204 silly currentTree | +-- content-type@1.0.2
204 silly currentTree | +-- cookie-signature@1.0.6
204 silly currentTree | +-- cookie@0.3.1
204 silly currentTree | +-- debug@2.6.7
204 silly currentTree | | `-- ms@2.0.0
204 silly currentTree | +-- depd@1.1.0
204 silly currentTree | +-- encodeurl@1.0.1
204 silly currentTree | +-- escape-html@1.0.3
204 silly currentTree | +-- etag@1.8.0
204 silly currentTree | +-- finalhandler@1.0.3
204 silly currentTree | | `-- unpipe@1.0.0
204 silly currentTree | +-- fresh@0.5.0
204 silly currentTree | +-- merge-descriptors@1.0.1
204 silly currentTree | +-- methods@1.1.2
204 silly currentTree | +-- on-finished@2.3.0
204 silly currentTree | | `-- ee-first@1.1.1
204 silly currentTree | +-- parseurl@1.3.1
204 silly currentTree | +-- path-to-regexp@0.1.7
204 silly currentTree | +-- proxy-addr@1.1.4
204 silly currentTree | | +-- forwarded@0.1.0
204 silly currentTree | | `-- ipaddr.js@1.3.0
204 silly currentTree | +-- qs@6.4.0
204 silly currentTree | +-- range-parser@1.2.0
204 silly currentTree | +-- send@0.15.3
204 silly currentTree | | +-- destroy@1.0.4
204 silly currentTree | | +-- http-errors@1.6.1
204 silly currentTree | | | `-- inherits@2.0.3
204 silly currentTree | | +-- mime@1.3.4
204 silly currentTree | | `-- ms@2.0.0
204 silly currentTree | +-- serve-static@1.12.3
204 silly currentTree | +-- setprototypeof@1.0.3
204 silly currentTree | +-- statuses@1.3.1
204 silly currentTree | +-- type-is@1.6.15
204 silly currentTree | | +-- media-typer@0.3.0
204 silly currentTree | | `-- mime-types@2.1.15
204 silly currentTree | |   `-- mime-db@1.27.0
204 silly currentTree | +-- utils-merge@1.0.0
204 silly currentTree | `-- vary@1.1.1
204 silly currentTree +-- finalhandler@1.0.4
204 silly currentTree +-- formidable@1.1.1
204 silly currentTree +-- fs-extra@3.0.1
204 silly currentTree +-- fs.realpath@1.0.0
204 silly currentTree +-- glob@7.1.2
204 silly currentTree +-- graceful-fs@4.1.11
204 silly currentTree +-- has-binary2@1.0.2
204 silly currentTree | `-- isarray@2.0.1
204 silly currentTree +-- has-cors@1.1.0
204 silly currentTree +-- indexof@0.0.1
204 silly currentTree +-- inflight@1.0.6
204 silly currentTree +-- inherits@2.0.3
204 silly currentTree +-- interpret@1.0.3
204 silly currentTree +-- isarray@0.0.1
204 silly currentTree +-- jsonfile@3.0.1
204 silly currentTree +-- media-typer@0.3.0
204 silly currentTree +-- mime-db@1.29.0
204 silly currentTree +-- mime-types@2.1.16
204 silly currentTree +-- minimatch@3.0.4
204 silly currentTree +-- minimist@0.0.8
204 silly currentTree +-- mkdirp@0.5.1
204 silly currentTree +-- morgan@1.8.2
204 silly currentTree | +-- basic-auth@1.1.0
204 silly currentTree | +-- debug@2.6.8
204 silly currentTree | | `-- ms@2.0.0
204 silly currentTree | +-- depd@1.1.0
204 silly currentTree | +-- on-finished@2.3.0
204 silly currentTree | | `-- ee-first@1.1.1
204 silly currentTree | `-- on-headers@1.0.1
204 silly currentTree +-- ms@2.0.0
204 silly currentTree +-- multer@1.3.0
204 silly currentTree +-- negotiator@0.6.1
204 silly currentTree +-- object-assign@3.0.0
204 silly currentTree +-- object-component@0.0.3
204 silly currentTree +-- on-finished@2.3.0
204 silly currentTree +-- once@1.4.0
204 silly currentTree +-- parsejson@0.0.3
204 silly currentTree +-- parseqs@0.0.5
204 silly currentTree +-- parseuri@0.0.5
204 silly currentTree +-- parseurl@1.3.1
204 silly currentTree +-- path-is-absolute@1.0.1
204 silly currentTree +-- path-parse@1.0.5
204 silly currentTree +-- process-nextick-args@1.0.7
204 silly currentTree +-- readable-stream@1.1.14
204 silly currentTree +-- rechoir@0.6.2
204 silly currentTree +-- resolve@1.4.0
204 silly currentTree +-- routes@2.1.0
204 silly currentTree +-- safe-buffer@5.1.1
204 silly currentTree +-- shelljs@0.7.8
204 silly currentTree +-- socket.io-adapter@1.1.1
204 silly currentTree +-- socket.io-client@2.0.3
204 silly currentTree +-- socket.io-parser@3.1.2
204 silly currentTree | `-- isarray@2.0.1
204 silly currentTree +-- socket.io@2.0.3
204 silly currentTree | `-- object-assign@4.1.1
204 silly currentTree +-- statuses@1.3.1
204 silly currentTree +-- streamsearch@0.1.2
204 silly currentTree +-- string_decoder@0.10.31
204 silly currentTree +-- to-array@0.1.4
204 silly currentTree +-- type-is@1.6.15
204 silly currentTree +-- typedarray@0.0.6
204 silly currentTree +-- ultron@1.1.0
204 silly currentTree +-- universalify@0.1.1
204 silly currentTree +-- unpipe@1.0.0
204 silly currentTree +-- util-deprecate@1.0.2
204 silly currentTree +-- utils-merge@1.0.0
204 silly currentTree +-- uws@0.14.5
204 silly currentTree +-- wrappy@1.0.2
204 silly currentTree +-- ws@2.3.1
204 silly currentTree | `-- safe-buffer@5.0.1
204 silly currentTree +-- xmlhttprequest-ssl@1.5.3
204 silly currentTree +-- xtend@4.0.1
204 silly currentTree `-- yeast@0.1.2
205 silly idealTree web-app@0.0.0
205 silly idealTree +-- accepts@1.3.3
205 silly idealTree +-- after@0.8.2
205 silly idealTree +-- append-field@0.1.0
205 silly idealTree +-- arraybuffer.slice@0.0.6
205 silly idealTree +-- backo2@1.0.2
205 silly idealTree +-- balanced-match@1.0.0
205 silly idealTree +-- base64-arraybuffer@0.1.5
205 silly idealTree +-- base64id@1.0.0
205 silly idealTree +-- better-assert@1.0.2
205 silly idealTree +-- blob@0.0.4
205 silly idealTree +-- body-parser@1.17.2
205 silly idealTree | +-- bytes@2.4.0
205 silly idealTree | +-- content-type@1.0.2
205 silly idealTree | +-- debug@2.6.7
205 silly idealTree | | `-- ms@2.0.0
205 silly idealTree | +-- depd@1.1.0
205 silly idealTree | +-- http-errors@1.6.1
205 silly idealTree | | +-- inherits@2.0.3
205 silly idealTree | | +-- setprototypeof@1.0.3
205 silly idealTree | | `-- statuses@1.3.1
205 silly idealTree | +-- iconv-lite@0.4.15
205 silly idealTree | +-- on-finished@2.3.0
205 silly idealTree | | `-- ee-first@1.1.1
205 silly idealTree | +-- qs@6.4.0
205 silly idealTree | +-- raw-body@2.2.0
205 silly idealTree | | `-- unpipe@1.0.0
205 silly idealTree | `-- type-is@1.6.15
205 silly idealTree |   +-- media-typer@0.3.0
205 silly idealTree |   `-- mime-types@2.1.15
205 silly idealTree |     `-- mime-db@1.27.0
205 silly idealTree +-- bootstrap@3.3.7
205 silly idealTree +-- brace-expansion@1.1.8
205 silly idealTree +-- busboy@0.2.14
205 silly idealTree +-- callsite@1.0.0
205 silly idealTree +-- component-bind@1.0.0
205 silly idealTree +-- component-emitter@1.2.1
205 silly idealTree +-- component-inherit@0.0.3
205 silly idealTree +-- concat-map@0.0.1
205 silly idealTree +-- concat-stream@1.6.0
205 silly idealTree | +-- isarray@1.0.0
205 silly idealTree | +-- readable-stream@2.3.3
205 silly idealTree | `-- string_decoder@1.0.3
205 silly idealTree +-- connect@3.6.3
205 silly idealTree +-- cookie-parser@1.4.3
205 silly idealTree | +-- cookie-signature@1.0.6
205 silly idealTree | `-- cookie@0.3.1
205 silly idealTree +-- cookie@0.3.1
205 silly idealTree +-- core-util-is@1.0.2
205 silly idealTree +-- debug@2.6.8
205 silly idealTree +-- dicer@0.2.5
205 silly idealTree +-- ee-first@1.1.1
205 silly idealTree +-- encodeurl@1.0.1
205 silly idealTree +-- engine.io-client@3.1.1
205 silly idealTree +-- engine.io-parser@2.1.1
205 silly idealTree +-- engine.io@3.1.0
205 silly idealTree +-- escape-html@1.0.3
205 silly idealTree +-- express@4.15.3
205 silly idealTree | +-- accepts@1.3.3
205 silly idealTree | | +-- mime-types@2.1.15
205 silly idealTree | | | `-- mime-db@1.27.0
205 silly idealTree | | `-- negotiator@0.6.1
205 silly idealTree | +-- array-flatten@1.1.1
205 silly idealTree | +-- content-disposition@0.5.2
205 silly idealTree | +-- content-type@1.0.2
205 silly idealTree | +-- cookie-signature@1.0.6
205 silly idealTree | +-- cookie@0.3.1
205 silly idealTree | +-- debug@2.6.7
205 silly idealTree | | `-- ms@2.0.0
205 silly idealTree | +-- depd@1.1.0
205 silly idealTree | +-- encodeurl@1.0.1
205 silly idealTree | +-- escape-html@1.0.3
205 silly idealTree | +-- etag@1.8.0
205 silly idealTree | +-- finalhandler@1.0.3
205 silly idealTree | | `-- unpipe@1.0.0
205 silly idealTree | +-- fresh@0.5.0
205 silly idealTree | +-- merge-descriptors@1.0.1
205 silly idealTree | +-- methods@1.1.2
205 silly idealTree | +-- on-finished@2.3.0
205 silly idealTree | | `-- ee-first@1.1.1
205 silly idealTree | +-- parseurl@1.3.1
205 silly idealTree | +-- path-to-regexp@0.1.7
205 silly idealTree | +-- proxy-addr@1.1.4
205 silly idealTree | | +-- forwarded@0.1.0
205 silly idealTree | | `-- ipaddr.js@1.3.0
205 silly idealTree | +-- qs@6.4.0
205 silly idealTree | +-- range-parser@1.2.0
205 silly idealTree | +-- send@0.15.3
205 silly idealTree | | +-- destroy@1.0.4
205 silly idealTree | | +-- http-errors@1.6.1
205 silly idealTree | | | `-- inherits@2.0.3
205 silly idealTree | | +-- mime@1.3.4
205 silly idealTree | | `-- ms@2.0.0
205 silly idealTree | +-- serve-static@1.12.3
205 silly idealTree | +-- setprototypeof@1.0.3
205 silly idealTree | +-- statuses@1.3.1
205 silly idealTree | +-- type-is@1.6.15
205 silly idealTree | | +-- media-typer@0.3.0
205 silly idealTree | | `-- mime-types@2.1.15
205 silly idealTree | |   `-- mime-db@1.27.0
205 silly idealTree | +-- utils-merge@1.0.0
205 silly idealTree | `-- vary@1.1.1
205 silly idealTree +-- extend@1.2.1
205 silly idealTree +-- finalhandler@1.0.4
205 silly idealTree +-- formidable@1.1.1
205 silly idealTree +-- fs-extra@3.0.1
205 silly idealTree +-- fs.realpath@1.0.0
205 silly idealTree +-- glob@7.1.2
205 silly idealTree +-- graceful-fs@4.1.11
205 silly idealTree +-- has-binary2@1.0.2
205 silly idealTree | `-- isarray@2.0.1
205 silly idealTree +-- has-cors@1.1.0
205 silly idealTree +-- indexof@0.0.1
205 silly idealTree +-- inflight@1.0.6
205 silly idealTree +-- inherits@2.0.3
205 silly idealTree +-- interpret@1.0.3
205 silly idealTree +-- isarray@0.0.1
205 silly idealTree +-- jsonfile@3.0.1
205 silly idealTree +-- media-typer@0.3.0
205 silly idealTree +-- mime-db@1.29.0
205 silly idealTree +-- mime-types@2.1.16
205 silly idealTree +-- minimatch@3.0.4
205 silly idealTree +-- minimist@0.0.8
205 silly idealTree +-- mkdirp@0.5.1
205 silly idealTree +-- morgan@1.8.2
205 silly idealTree | +-- basic-auth@1.1.0
205 silly idealTree | +-- debug@2.6.8
205 silly idealTree | | `-- ms@2.0.0
205 silly idealTree | +-- depd@1.1.0
205 silly idealTree | +-- on-finished@2.3.0
205 silly idealTree | | `-- ee-first@1.1.1
205 silly idealTree | `-- on-headers@1.0.1
205 silly idealTree +-- ms@2.0.0
205 silly idealTree +-- multer@1.3.0
205 silly idealTree +-- nan@2.3.5
205 silly idealTree +-- negotiator@0.6.1
205 silly idealTree +-- object-assign@3.0.0
205 silly idealTree +-- object-component@0.0.3
205 silly idealTree +-- on-finished@2.3.0
205 silly idealTree +-- once@1.4.0
205 silly idealTree +-- parsejson@0.0.3
205 silly idealTree +-- parseqs@0.0.5
205 silly idealTree +-- parseuri@0.0.5
205 silly idealTree +-- parseurl@1.3.1
205 silly idealTree +-- path-is-absolute@1.0.1
205 silly idealTree +-- path-parse@1.0.5
205 silly idealTree +-- process-nextick-args@1.0.7
205 silly idealTree +-- pty.js@0.3.1
205 silly idealTree +-- pty@0.0.0
205 silly idealTree +-- readable-stream@1.1.14
205 silly idealTree +-- rechoir@0.6.2
205 silly idealTree +-- resolve@1.4.0
205 silly idealTree +-- routes@2.1.0
205 silly idealTree +-- safe-buffer@5.1.1
205 silly idealTree +-- shelljs@0.7.8
205 silly idealTree +-- socket.io-adapter@1.1.1
205 silly idealTree +-- socket.io-client@2.0.3
205 silly idealTree +-- socket.io-parser@3.1.2
205 silly idealTree | `-- isarray@2.0.1
205 silly idealTree +-- socket.io@2.0.3
205 silly idealTree | `-- object-assign@4.1.1
205 silly idealTree +-- statuses@1.3.1
205 silly idealTree +-- streamsearch@0.1.2
205 silly idealTree +-- string_decoder@0.10.31
205 silly idealTree +-- to-array@0.1.4
205 silly idealTree +-- type-is@1.6.15
205 silly idealTree +-- typedarray@0.0.6
205 silly idealTree +-- ultron@1.1.0
205 silly idealTree +-- universalify@0.1.1
205 silly idealTree +-- unpipe@1.0.0
205 silly idealTree +-- util-deprecate@1.0.2
205 silly idealTree +-- utils-merge@1.0.0
205 silly idealTree +-- uws@0.14.5
205 silly idealTree +-- wrappy@1.0.2
205 silly idealTree +-- ws@2.3.1
205 silly idealTree | `-- safe-buffer@5.0.1
205 silly idealTree +-- xmlhttprequest-ssl@1.5.3
205 silly idealTree +-- xtend@4.0.1
205 silly idealTree `-- yeast@0.1.2
206 silly generateActionsToTake Starting
207 silly install generateActionsToTake
208 silly generateActionsToTake Finishing
209 silly diffTrees action count 4
210 silly diffTrees add extend@1.2.1
211 silly diffTrees add nan@2.3.5
212 silly diffTrees add pty.js@0.3.1
213 silly diffTrees add pty@0.0.0
214 silly decomposeActions action count 32
215 silly decomposeActions fetch extend@1.2.1
216 silly decomposeActions extract extend@1.2.1
217 silly decomposeActions test extend@1.2.1
218 silly decomposeActions preinstall extend@1.2.1
219 silly decomposeActions build extend@1.2.1
220 silly decomposeActions install extend@1.2.1
221 silly decomposeActions postinstall extend@1.2.1
222 silly decomposeActions finalize extend@1.2.1
223 silly decomposeActions fetch nan@2.3.5
224 silly decomposeActions extract nan@2.3.5
225 silly decomposeActions test nan@2.3.5
226 silly decomposeActions preinstall nan@2.3.5
227 silly decomposeActions build nan@2.3.5
228 silly decomposeActions install nan@2.3.5
229 silly decomposeActions postinstall nan@2.3.5
230 silly decomposeActions finalize nan@2.3.5
231 silly decomposeActions fetch pty.js@0.3.1
232 silly decomposeActions extract pty.js@0.3.1
233 silly decomposeActions test pty.js@0.3.1
234 silly decomposeActions preinstall pty.js@0.3.1
235 silly decomposeActions build pty.js@0.3.1
236 silly decomposeActions install pty.js@0.3.1
237 silly decomposeActions postinstall pty.js@0.3.1
238 silly decomposeActions finalize pty.js@0.3.1
239 silly decomposeActions fetch pty@0.0.0
240 silly decomposeActions extract pty@0.0.0
241 silly decomposeActions test pty@0.0.0
242 silly decomposeActions preinstall pty@0.0.0
243 silly decomposeActions build pty@0.0.0
244 silly decomposeActions install pty@0.0.0
245 silly decomposeActions postinstall pty@0.0.0
246 silly decomposeActions finalize pty@0.0.0
247 silly runTopLevelLifecycles Starting
248 silly executeActions Starting
249 silly install executeActions
250 silly doSerial global-install 0
251 silly doParallel fetch 4
252 verbose correctMkdir C:\Users\sairam.vankamamidi\AppData\Roaming\npm-cache\_locks correctMkdir not in flight; initializing
253 verbose lock using C:\Users\sairam.vankamamidi\AppData\Roaming\npm-cache\_locks\staging-9ef2a2f2ea79271e.lock for C:\Users\sairam.vankamamidi\Documents\app\node_modules\.staging
254 silly doParallel extract 4
255 silly extract extend@1.2.1
256 silly extract nan@2.3.5
257 silly extract pty.js@0.3.1
258 silly extract pty@0.0.0
259 verbose unbuild node_modules\.staging\extend-449049c9
260 verbose unbuild node_modules\.staging\nan-02e79bd5
261 verbose unbuild node_modules\.staging\pty.js-57696743
262 verbose unbuild node_modules\.staging\pty-c9e6efb0
263 silly gentlyRm C:\Users\sairam.vankamamidi\Documents\app\node_modules\.staging\extend-449049c9 is being purged from base C:\Users\sairam.vankamamidi\Documents\app
264 verbose gentlyRm don't care about contents; nuking C:\Users\sairam.vankamamidi\Documents\app\node_modules\.staging\extend-449049c9
265 silly gentlyRm C:\Users\sairam.vankamamidi\Documents\app\node_modules\.staging\nan-02e79bd5 is being purged from base C:\Users\sairam.vankamamidi\Documents\app
266 verbose gentlyRm don't care about contents; nuking C:\Users\sairam.vankamamidi\Documents\app\node_modules\.staging\nan-02e79bd5
267 silly gentlyRm C:\Users\sairam.vankamamidi\Documents\app\node_modules\.staging\pty-c9e6efb0 is being purged from base C:\Users\sairam.vankamamidi\Documents\app
268 verbose gentlyRm don't care about contents; nuking C:\Users\sairam.vankamamidi\Documents\app\node_modules\.staging\pty-c9e6efb0
269 silly gentlyRm C:\Users\sairam.vankamamidi\Documents\app\node_modules\.staging\pty.js-57696743 is being purged from base C:\Users\sairam.vankamamidi\Documents\app
270 verbose gentlyRm don't care about contents; nuking C:\Users\sairam.vankamamidi\Documents\app\node_modules\.staging\pty.js-57696743
271 verbose tar unpack C:\Users\sairam.vankamamidi\AppData\Roaming\npm-cache\extend\1.2.1\package.tgz
272 verbose tar unpacking to C:\Users\sairam.vankamamidi\Documents\app\node_modules\.staging\extend-449049c9
273 silly gentlyRm C:\Users\sairam.vankamamidi\Documents\app\node_modules\.staging\extend-449049c9 is being purged
274 verbose gentlyRm don't care about contents; nuking C:\Users\sairam.vankamamidi\Documents\app\node_modules\.staging\extend-449049c9
275 verbose tar unpack C:\Users\sairam.vankamamidi\AppData\Roaming\npm-cache\nan\2.3.5\package.tgz
276 verbose tar unpacking to C:\Users\sairam.vankamamidi\Documents\app\node_modules\.staging\nan-02e79bd5
277 silly gentlyRm C:\Users\sairam.vankamamidi\Documents\app\node_modules\.staging\nan-02e79bd5 is being purged
278 verbose gentlyRm don't care about contents; nuking C:\Users\sairam.vankamamidi\Documents\app\node_modules\.staging\nan-02e79bd5
279 verbose tar unpack C:\Users\sairam.vankamamidi\AppData\Roaming\npm-cache\pty\0.0.0\package.tgz
280 verbose tar unpacking to C:\Users\sairam.vankamamidi\Documents\app\node_modules\.staging\pty-c9e6efb0
281 silly gentlyRm C:\Users\sairam.vankamamidi\Documents\app\node_modules\.staging\pty-c9e6efb0 is being purged
282 verbose gentlyRm don't care about contents; nuking C:\Users\sairam.vankamamidi\Documents\app\node_modules\.staging\pty-c9e6efb0
283 verbose tar unpack C:\Users\sairam.vankamamidi\AppData\Roaming\npm-cache\pty.js\0.3.1\package.tgz
284 verbose tar unpacking to C:\Users\sairam.vankamamidi\Documents\app\node_modules\.staging\pty.js-57696743
285 silly gentlyRm C:\Users\sairam.vankamamidi\Documents\app\node_modules\.staging\pty.js-57696743 is being purged
286 verbose gentlyRm don't care about contents; nuking C:\Users\sairam.vankamamidi\Documents\app\node_modules\.staging\pty.js-57696743
287 silly gunzTarPerm modes [ '777', '666' ]
288 silly gunzTarPerm modes [ '777', '666' ]
289 silly gunzTarPerm modes [ '777', '666' ]
290 silly gunzTarPerm modes [ '777', '666' ]
291 silly gunzTarPerm extractEntry package.json
292 silly gunzTarPerm modified mode [ 'package.json', 420, 438 ]
293 silly gunzTarPerm extractEntry package.json
294 silly gunzTarPerm modified mode [ 'package.json', 436, 438 ]
295 silly gunzTarPerm extractEntry package.json
296 silly gunzTarPerm modified mode [ 'package.json', 420, 438 ]
297 silly gunzTarPerm extractEntry package.json
298 silly gunzTarPerm modified mode [ 'package.json', 420, 438 ]
299 silly gunzTarPerm extractEntry .npmignore
300 silly gunzTarPerm modified mode [ '.npmignore', 420, 438 ]
301 silly gunzTarPerm extractEntry README.md
302 silly gunzTarPerm modified mode [ 'README.md', 420, 438 ]
303 silly gunzTarPerm extractEntry README.md
304 silly gunzTarPerm modified mode [ 'README.md', 436, 438 ]
305 silly gunzTarPerm extractEntry .npmignore
306 silly gunzTarPerm modified mode [ '.npmignore', 420, 438 ]
307 silly gunzTarPerm extractEntry README.md
308 silly gunzTarPerm modified mode [ 'README.md', 420, 438 ]
309 silly gunzTarPerm extractEntry include_dirs.js
310 silly gunzTarPerm modified mode [ 'include_dirs.js', 436, 438 ]
311 silly gunzTarPerm extractEntry .npmignore
312 silly gunzTarPerm modified mode [ '.npmignore', 420, 438 ]
313 silly gunzTarPerm extractEntry index.js
314 silly gunzTarPerm modified mode [ 'index.js', 420, 438 ]
315 silly gunzTarPerm extractEntry LICENSE
316 silly gunzTarPerm modified mode [ 'LICENSE', 420, 438 ]
317 silly gunzTarPerm extractEntry index.js
318 silly gunzTarPerm modified mode [ 'index.js', 420, 438 ]
319 silly gunzTarPerm extractEntry nan_converters.h
320 silly gunzTarPerm modified mode [ 'nan_converters.h', 436, 438 ]
321 silly gunzTarPerm extractEntry LICENSE.md
322 silly gunzTarPerm modified mode [ 'LICENSE.md', 436, 438 ]
323 silly gunzTarPerm extractEntry doc/node_misc.md
324 silly gunzTarPerm modified mode [ 'doc/node_misc.md', 436, 438 ]
325 silly gunzTarPerm extractEntry doc/asyncworker.md
326 silly gunzTarPerm modified mode [ 'doc/asyncworker.md', 436, 438 ]
327 silly gunzTarPerm extractEntry index.js
328 silly gunzTarPerm modified mode [ 'index.js', 420, 438 ]
329 silly gunzTarPerm extractEntry .travis.yml
330 silly gunzTarPerm modified mode [ '.travis.yml', 420, 438 ]
331 silly gunzTarPerm extractEntry binding.gyp
332 silly gunzTarPerm modified mode [ 'binding.gyp', 420, 438 ]
333 silly gunzTarPerm extractEntry lib/pty.js
334 silly gunzTarPerm modified mode [ 'lib/pty.js', 420, 438 ]
335 silly gunzTarPerm extractEntry doc/callback.md
336 silly gunzTarPerm modified mode [ 'doc/callback.md', 436, 438 ]
337 silly gunzTarPerm extractEntry doc/converters.md
338 silly gunzTarPerm modified mode [ 'doc/converters.md', 436, 438 ]
339 silly gunzTarPerm extractEntry lib/pty_win.js
340 silly gunzTarPerm modified mode [ 'lib/pty_win.js', 420, 438 ]
341 silly gunzTarPerm extractEntry doc/errors.md
342 silly gunzTarPerm modified mode [ 'doc/errors.md', 436, 438 ]
343 silly gunzTarPerm extractEntry doc/maybe_types.md
344 silly gunzTarPerm modified mode [ 'doc/maybe_types.md', 436, 438 ]
345 silly gunzTarPerm extractEntry Makefile
346 silly gunzTarPerm modified mode [ 'Makefile', 420, 438 ]
347 silly gunzTarPerm extractEntry src/unix/pty.cc
348 silly gunzTarPerm modified mode [ 'src/unix/pty.cc', 420, 438 ]
349 silly gentlyRm C:\Users\sairam.vankamamidi\Documents\app\node_modules\.staging\pty-c9e6efb0\node_modules is being purged
350 verbose gentlyRm don't care about contents; nuking C:\Users\sairam.vankamamidi\Documents\app\node_modules\.staging\pty-c9e6efb0\node_modules
351 silly gunzTarPerm extractEntry doc/methods.md
352 silly gunzTarPerm modified mode [ 'doc/methods.md', 436, 438 ]
353 silly gunzTarPerm extractEntry doc/new.md
354 silly gunzTarPerm modified mode [ 'doc/new.md', 436, 438 ]
355 silly gunzTarPerm extractEntry src/win/pty.cc
356 silly gunzTarPerm modified mode [ 'src/win/pty.cc', 420, 438 ]
357 silly gunzTarPerm extractEntry wscript
358 silly gunzTarPerm modified mode [ 'wscript', 420, 438 ]
359 silly gunzTarPerm extractEntry doc/buffers.md
360 silly gunzTarPerm modified mode [ 'doc/buffers.md', 436, 438 ]
361 silly gunzTarPerm extractEntry doc/object_wrappers.md
362 silly gunzTarPerm modified mode [ 'doc/object_wrappers.md', 436, 438 ]
363 silly gunzTarPerm extractEntry doc/persistent.md
364 silly gunzTarPerm modified mode [ 'doc/persistent.md', 436, 438 ]
365 silly gunzTarPerm extractEntry doc/scopes.md
366 silly gunzTarPerm modified mode [ 'doc/scopes.md', 436, 438 ]
367 silly gentlyRm C:\Users\sairam.vankamamidi\Documents\app\node_modules\.staging\extend-449049c9\node_modules is being purged
368 verbose gentlyRm don't care about contents; nuking C:\Users\sairam.vankamamidi\Documents\app\node_modules\.staging\extend-449049c9\node_modules
369 silly gunzTarPerm extractEntry doc/script.md
370 silly gunzTarPerm modified mode [ 'doc/script.md', 436, 438 ]
371 silly gunzTarPerm extractEntry doc/string_bytes.md
372 silly gunzTarPerm modified mode [ 'doc/string_bytes.md', 436, 438 ]
373 silly gunzTarPerm extractEntry doc/v8_internals.md
374 silly gunzTarPerm modified mode [ 'doc/v8_internals.md', 436, 438 ]
375 silly gunzTarPerm extractEntry doc/v8_misc.md
376 silly gunzTarPerm modified mode [ 'doc/v8_misc.md', 436, 438 ]
377 silly gunzTarPerm extractEntry nan.h
378 silly gunzTarPerm modified mode [ 'nan.h', 436, 438 ]
379 silly gunzTarPerm extractEntry nan_callbacks.h
380 silly gunzTarPerm modified mode [ 'nan_callbacks.h', 436, 438 ]
381 silly gunzTarPerm extractEntry nan_callbacks_12_inl.h
382 silly gunzTarPerm modified mode [ 'nan_callbacks_12_inl.h', 436, 438 ]
383 silly gunzTarPerm extractEntry nan_callbacks_pre_12_inl.h
384 silly gunzTarPerm modified mode [ 'nan_callbacks_pre_12_inl.h', 436, 438 ]
385 silly gunzTarPerm extractEntry nan_converters_43_inl.h
386 silly gunzTarPerm modified mode [ 'nan_converters_43_inl.h', 436, 438 ]
387 silly gunzTarPerm extractEntry nan_converters_pre_43_inl.h
388 silly gunzTarPerm modified mode [ 'nan_converters_pre_43_inl.h', 436, 438 ]
389 silly gunzTarPerm extractEntry nan_implementation_12_inl.h
390 silly gunzTarPerm modified mode [ 'nan_implementation_12_inl.h', 436, 438 ]
391 silly gunzTarPerm extractEntry nan_implementation_pre_12_inl.h
392 silly gunzTarPerm modified mode [ 'nan_implementation_pre_12_inl.h', 436, 438 ]
393 silly gunzTarPerm extractEntry nan_maybe_43_inl.h
394 silly gunzTarPerm modified mode [ 'nan_maybe_43_inl.h', 436, 438 ]
395 silly gunzTarPerm extractEntry nan_maybe_pre_43_inl.h
396 silly gunzTarPerm modified mode [ 'nan_maybe_pre_43_inl.h', 436, 438 ]
397 silly gunzTarPerm extractEntry nan_new.h
398 silly gunzTarPerm modified mode [ 'nan_new.h', 436, 438 ]
399 silly gunzTarPerm extractEntry nan_object_wrap.h
400 silly gunzTarPerm modified mode [ 'nan_object_wrap.h', 436, 438 ]
401 silly gunzTarPerm extractEntry nan_persistent_12_inl.h
402 silly gunzTarPerm modified mode [ 'nan_persistent_12_inl.h', 436, 438 ]
403 silly gunzTarPerm extractEntry nan_persistent_pre_12_inl.h
404 silly gunzTarPerm modified mode [ 'nan_persistent_pre_12_inl.h', 436, 438 ]
405 silly gunzTarPerm extractEntry nan_string_bytes.h
406 silly gunzTarPerm modified mode [ 'nan_string_bytes.h', 436, 438 ]
407 silly gunzTarPerm extractEntry nan_typedarray_contents.h
408 silly gunzTarPerm modified mode [ 'nan_typedarray_contents.h', 436, 438 ]
409 silly gunzTarPerm extractEntry nan_weak.h
410 silly gunzTarPerm modified mode [ 'nan_weak.h', 436, 438 ]
411 silly gunzTarPerm extractEntry CHANGELOG.md
412 silly gunzTarPerm modified mode [ 'CHANGELOG.md', 436, 438 ]
413 silly gunzTarPerm extractEntry tools/package.json
414 silly gunzTarPerm modified mode [ 'tools/package.json', 436, 438 ]
415 silly gunzTarPerm extractEntry tools/README.md
416 silly gunzTarPerm modified mode [ 'tools/README.md', 436, 438 ]
417 silly gunzTarPerm extractEntry tools/1to2.js
418 silly gunzTarPerm modified mode [ 'tools/1to2.js', 509, 511 ]
419 silly gentlyRm C:\Users\sairam.vankamamidi\Documents\app\node_modules\.staging\pty.js-57696743\node_modules is being purged
420 verbose gentlyRm don't care about contents; nuking C:\Users\sairam.vankamamidi\Documents\app\node_modules\.staging\pty.js-57696743\node_modules
421 silly gentlyRm C:\Users\sairam.vankamamidi\Documents\app\node_modules\.staging\nan-02e79bd5\node_modules is being purged
422 verbose gentlyRm don't care about contents; nuking C:\Users\sairam.vankamamidi\Documents\app\node_modules\.staging\nan-02e79bd5\node_modules
423 silly doParallel preinstall 4
424 silly preinstall extend@1.2.1 C:\Users\sairam.vankamamidi\Documents\app\node_modules\.staging\extend-449049c9
425 info lifecycle extend@1.2.1~preinstall: extend@1.2.1
426 silly preinstall nan@2.3.5 C:\Users\sairam.vankamamidi\Documents\app\node_modules\.staging\nan-02e79bd5
427 info lifecycle nan@2.3.5~preinstall: nan@2.3.5
428 silly preinstall pty.js@0.3.1 C:\Users\sairam.vankamamidi\Documents\app\node_modules\.staging\pty.js-57696743
429 info lifecycle pty.js@0.3.1~preinstall: pty.js@0.3.1
430 silly preinstall pty@0.0.0 C:\Users\sairam.vankamamidi\Documents\app\node_modules\.staging\pty-c9e6efb0
431 info lifecycle pty@0.0.0~preinstall: pty@0.0.0
432 silly lifecycle extend@1.2.1~preinstall: no script for preinstall, continuing
433 silly lifecycle nan@2.3.5~preinstall: no script for preinstall, continuing
434 silly lifecycle pty.js@0.3.1~preinstall: no script for preinstall, continuing
435 silly lifecycle pty@0.0.0~preinstall: no script for preinstall, continuing
436 silly doReverseSerial remove 0
437 silly doSerial move 0
438 silly doSerial finalize 4
439 silly finalize C:\Users\sairam.vankamamidi\Documents\app\node_modules\extend
440 silly finalize C:\Users\sairam.vankamamidi\Documents\app\node_modules\nan
441 silly finalize C:\Users\sairam.vankamamidi\Documents\app\node_modules\pty.js
442 silly finalize C:\Users\sairam.vankamamidi\Documents\app\node_modules\pty
443 silly doSerial build 4
444 silly build extend@1.2.1
445 info linkStuff extend@1.2.1
446 silly linkStuff extend@1.2.1 has C:\Users\sairam.vankamamidi\Documents\app\node_modules as its parent node_modules
447 verbose linkBins extend@1.2.1
448 verbose linkMans extend@1.2.1
449 silly build nan@2.3.5
450 info linkStuff nan@2.3.5
451 silly linkStuff nan@2.3.5 has C:\Users\sairam.vankamamidi\Documents\app\node_modules as its parent node_modules
452 verbose linkBins nan@2.3.5
453 verbose linkMans nan@2.3.5
454 silly build pty.js@0.3.1
455 info linkStuff pty.js@0.3.1
456 silly linkStuff pty.js@0.3.1 has C:\Users\sairam.vankamamidi\Documents\app\node_modules as its parent node_modules
457 verbose linkBins pty.js@0.3.1
458 verbose linkMans pty.js@0.3.1
459 silly build pty@0.0.0
460 info linkStuff pty@0.0.0
461 silly linkStuff pty@0.0.0 has C:\Users\sairam.vankamamidi\Documents\app\node_modules as its parent node_modules
462 verbose linkBins pty@0.0.0
463 verbose linkMans pty@0.0.0
464 silly doSerial global-link 0
465 silly doParallel update-linked 0
466 silly doSerial install 4
467 silly install extend@1.2.1 C:\Users\sairam.vankamamidi\Documents\app\node_modules\.staging\extend-449049c9
468 info lifecycle extend@1.2.1~install: extend@1.2.1
469 silly lifecycle extend@1.2.1~install: no script for install, continuing
470 silly install nan@2.3.5 C:\Users\sairam.vankamamidi\Documents\app\node_modules\.staging\nan-02e79bd5
471 info lifecycle nan@2.3.5~install: nan@2.3.5
472 silly lifecycle nan@2.3.5~install: no script for install, continuing
473 silly install pty.js@0.3.1 C:\Users\sairam.vankamamidi\Documents\app\node_modules\.staging\pty.js-57696743
474 info lifecycle pty.js@0.3.1~install: pty.js@0.3.1
475 verbose lifecycle pty.js@0.3.1~install: unsafe-perm in lifecycle true
476 verbose lifecycle pty.js@0.3.1~install: PATH: C:\Program Files (x86)\nodejs\node_modules\npm\bin\node-gyp-bin;C:\Users\sairam.vankamamidi\Documents\app\node_modules\pty.js\node_modules\.bin;C:\Users\sairam.vankamamidi\Documents\app\node_modules\.bin;C:\Perl64\site\bin;C:\Perl64\bin;C:\Python27\;C:\Python27\Scripts;C:\ProgramData\Oracle\Java\javapath;C:\UNMANAGED\Oracle;C:\Windows\system32;C:\Windows;C:\Windows\System32\Wbem;C:\Windows\System32\WindowsPowerShell\v1.0\;C:\UNMANAGED\MES\OfficeWorkstation_Production\System\VACNT-32\Bin;C:\Program Files\Intel\WiFi\bin\;C:\Program Files\Common Files\Intel\WirelessCommon\;C:\Program Files\Git\cmd;C:\Program Files (x86)\nodejs\;C:\Python27\python.exe;C:\Program Files\PuTTY\;C:\Users\sairam.vankamamidi\AppData\Roaming\npm
477 verbose lifecycle pty.js@0.3.1~install: CWD: C:\Users\sairam.vankamamidi\Documents\app\node_modules\pty.js
478 silly lifecycle pty.js@0.3.1~install: Args: [ '/d /s /c', 'node-gyp rebuild' ]
479 silly lifecycle pty.js@0.3.1~install: Returned: code: 1  signal: null
480 info lifecycle pty.js@0.3.1~install: Failed to exec install script
481 verbose unlock done using C:\Users\sairam.vankamamidi\AppData\Roaming\npm-cache\_locks\staging-9ef2a2f2ea79271e.lock for C:\Users\sairam.vankamamidi\Documents\app\node_modules\.staging
482 silly rollbackFailedOptional Starting
483 silly rollbackFailedOptional Finishing
484 silly runTopLevelLifecycles Finishing
485 silly install printInstalled
486 warn web-app@0.0.0 No repository field.
487 verbose If you need help, you may report this error at:
487 verbose     <https://github.com/npm/npm/issues>
488 verbose stack Error: pty.js@0.3.1 install: `node-gyp rebuild`
488 verbose stack Exit status 1
488 verbose stack     at EventEmitter.<anonymous> (C:\Program Files (x86)\nodejs\node_modules\npm\lib\utils\lifecycle.js:255:16)
488 verbose stack     at emitTwo (events.js:106:13)
488 verbose stack     at EventEmitter.emit (events.js:191:7)
488 verbose stack     at ChildProcess.<anonymous> (C:\Program Files (x86)\nodejs\node_modules\npm\lib\utils\spawn.js:40:14)
488 verbose stack     at emitTwo (events.js:106:13)
488 verbose stack     at ChildProcess.emit (events.js:191:7)
488 verbose stack     at maybeClose (internal/child_process.js:891:16)
488 verbose stack     at Process.ChildProcess._handle.onexit (internal/child_process.js:226:5)
489 verbose pkgid pty.js@0.3.1
490 verbose cwd C:\Users\sairam.vankamamidi\Documents\app
491 error Windows_NT 6.1.7601
492 error argv "C:\\Program Files (x86)\\nodejs\\node.exe" "C:\\Program Files (x86)\\nodejs\\node_modules\\npm\\bin\\npm-cli.js" "install" "pty"
493 error node v6.11.0
494 error npm  v3.10.10
495 error code ELIFECYCLE
496 error pty.js@0.3.1 install: `node-gyp rebuild`
496 error Exit status 1
497 error Failed at the pty.js@0.3.1 install script 'node-gyp rebuild'.
497 error Make sure you have the latest version of node.js and npm installed.
497 error If you do, this is most likely a problem with the pty.js package,
497 error not with npm itself.
497 error Tell the author that this fails on your system:
497 error     node-gyp rebuild
497 error You can get information on how to open an issue for this project with:
497 error     npm bugs pty.js
497 error Or if that isn't available, you can get their info via:
497 error     npm owner ls pty.js
497 error There is likely additional logging output above.
498 verbose exit [ 1, true ]
